<?xml version="1.0" encoding="UTF-8"?>
<!-- Generated by org.testng.reporters.JUnitXMLReporter -->
<testsuite ignored="0" hostname="DESKTOP-9BJ4JH8" failures="1" tests="3" name="Test" time="12.592" errors="0" timestamp="2024-03-24T13:26:26 NZDT">
  <testcase classname="io.cucumber.testng.AbstractTestNGCucumberTests" name="runScenario" time="8.632">
    <failure type="java.lang.IllegalArgumentException" message="Keys to send should be a not null CharSequence">
      <![CDATA[java.lang.IllegalArgumentException: Keys to send should be a not null CharSequence
at org.openqa.selenium.remote.RemoteWebElement.sendKeys(RemoteWebElement.java:98)
at com.flyaway.actions.RegistrationPageActions.enterRegisterDetails(RegistrationPageActions.java:23)
at com.flyaway.definitions.BookFlightFlyAwayDef.enter_registration_Details(BookFlightFlyAwayDef.java:58)
at ✽.Enter Registration Details(file:///C:/Users/dulee/eclipse-workspace/Flyaway_Duleeka/features/flyAway.feature:5)
]]>
    </failure>
  </testcase> <!-- runScenario -->
  <testcase classname="com.RestAPI.TestRequest_Response" name="TestLogin" time="1.615"/>
  <testcase classname="com.RestAPI.TestRequest_Response" name="TestLogin" time="0.714"/>
</testsuite> <!-- Test -->
