<?xml version="1.0" encoding="UTF-8"?>
<testng-results ignored="0" total="1" passed="1" failed="0" skipped="0">
  <reporter-output>
  </reporter-output>
  <suite started-at="2024-03-25T09:11:14 NZDT" name="Default suite" finished-at="2024-03-25T09:11:47 NZDT" duration-ms="32528">
    <groups>
      <group name="cucumber">
        <method signature="AbstractTestNGCucumberTests.runScenario(io.cucumber.testng.PickleWrapper,io.cucumber.testng.FeatureWrapper)[pri:0, instance:com.flyaway.runner.CucumberRunnerTests@65d09a04]" name="runScenario" class="io.cucumber.testng.AbstractTestNGCucumberTests"/>
      </group> <!-- cucumber -->
    </groups>
    <test started-at="2024-03-25T09:11:14 NZDT" name="Default test" finished-at="2024-03-25T09:11:47 NZDT" duration-ms="32528">
      <class name="com.flyaway.runner.CucumberRunnerTests">
        <test-method is-config="true" signature="setUpClass()[pri:0, instance:com.flyaway.runner.CucumberRunnerTests@65d09a04]" started-at="2024-03-25T09:11:14 NZDT" name="setUpClass" finished-at="2024-03-25T09:11:15 NZDT" duration-ms="573" status="PASS">
          <reporter-output>
          </reporter-output>
        </test-method> <!-- setUpClass -->
        <test-method signature="runScenario(io.cucumber.testng.PickleWrapper,io.cucumber.testng.FeatureWrapper)[pri:0, instance:com.flyaway.runner.CucumberRunnerTests@65d09a04]" started-at="2024-03-25T09:11:15 NZDT" name="runScenario" description="Runs Cucumber Scenarios" data-provider="scenarios" finished-at="2024-03-25T09:11:46 NZDT" duration-ms="31642" status="PASS">
          <params>
            <param index="0">
              <value>
                <![CDATA["Book a flight from Flyaway"]]>
              </value>
            </param>
            <param index="1">
              <value>
                <![CDATA["Optional[Book a flight from Flyaway]"]]>
              </value>
            </param>
          </params>
          <reporter-output>
          </reporter-output>
        </test-method> <!-- runScenario -->
        <test-method is-config="true" signature="tearDownClass()[pri:0, instance:com.flyaway.runner.CucumberRunnerTests@65d09a04]" started-at="2024-03-25T09:11:46 NZDT" name="tearDownClass" finished-at="2024-03-25T09:11:47 NZDT" duration-ms="286" status="PASS">
          <reporter-output>
          </reporter-output>
        </test-method> <!-- tearDownClass -->
      </class> <!-- com.flyaway.runner.CucumberRunnerTests -->
    </test> <!-- Default test -->
  </suite> <!-- Default suite -->
</testng-results>
