<?xml version="1.0" encoding="UTF-8"?>
<testng-results ignored="0" total="2" passed="2" failed="0" skipped="0">
  <reporter-output>
  </reporter-output>
  <suite started-at="2024-03-26T15:15:07 NZDT" name="FirefoxTest" finished-at="2024-03-26T15:15:42 NZDT" duration-ms="34656">
    <groups>
      <group name="cucumber">
        <method signature="AbstractTestNGCucumberTests.runScenario(io.cucumber.testng.PickleWrapper,io.cucumber.testng.FeatureWrapper)[pri:0, instance:com.flyaway.runner.CucumberRunnerTests@45b4c3a9]" name="runScenario" class="io.cucumber.testng.AbstractTestNGCucumberTests"/>
      </group> <!-- cucumber -->
    </groups>
    <test started-at="2024-03-26T15:15:07 NZDT" name="Test" finished-at="2024-03-26T15:15:42 NZDT" duration-ms="34656">
      <class name="com.FltawayAPI.TestRequest_Response">
        <test-method is-config="true" signature="before()[pri:0, instance:com.FltawayAPI.TestRequest_Response@4c309d4d]" started-at="2024-03-26T15:15:40 NZDT" name="before" finished-at="2024-03-26T15:15:41 NZDT" duration-ms="823" status="PASS">
          <reporter-output>
          </reporter-output>
        </test-method> <!-- before -->
        <test-method signature="TestLogin()[pri:0, instance:com.FltawayAPI.TestRequest_Response@4c309d4d]" started-at="2024-03-26T15:15:41 NZDT" name="TestLogin" finished-at="2024-03-26T15:15:42 NZDT" duration-ms="591" status="PASS">
          <reporter-output>
          </reporter-output>
        </test-method> <!-- TestLogin -->
      </class> <!-- com.FltawayAPI.TestRequest_Response -->
      <class name="com.flyaway.runner.CucumberRunnerTests">
        <test-method is-config="true" signature="setUpClass()[pri:0, instance:com.flyaway.runner.CucumberRunnerTests@45b4c3a9]" started-at="2024-03-26T15:15:07 NZDT" name="setUpClass" finished-at="2024-03-26T15:15:08 NZDT" duration-ms="623" status="PASS">
          <reporter-output>
          </reporter-output>
        </test-method> <!-- setUpClass -->
        <test-method signature="runScenario(io.cucumber.testng.PickleWrapper,io.cucumber.testng.FeatureWrapper)[pri:0, instance:com.flyaway.runner.CucumberRunnerTests@45b4c3a9]" started-at="2024-03-26T15:15:08 NZDT" name="runScenario" description="Runs Cucumber Scenarios" data-provider="scenarios" finished-at="2024-03-26T15:15:40 NZDT" duration-ms="32110" status="PASS">
          <params>
            <param index="0">
              <value>
                <![CDATA["Book a flight from Flyaway"]]>
              </value>
            </param>
            <param index="1">
              <value>
                <![CDATA["Optional[Book a flight from Flyaway]"]]>
              </value>
            </param>
          </params>
          <reporter-output>
          </reporter-output>
        </test-method> <!-- runScenario -->
        <test-method is-config="true" signature="tearDownClass()[pri:0, instance:com.flyaway.runner.CucumberRunnerTests@45b4c3a9]" started-at="2024-03-26T15:15:40 NZDT" name="tearDownClass" finished-at="2024-03-26T15:15:40 NZDT" duration-ms="466" status="PASS">
          <reporter-output>
          </reporter-output>
        </test-method> <!-- tearDownClass -->
      </class> <!-- com.flyaway.runner.CucumberRunnerTests -->
    </test> <!-- Test -->
  </suite> <!-- FirefoxTest -->
</testng-results>
